<?xml version="1.0" encoding="UTF-8"?>
<!-- Generated by org.testng.reporters.JUnitReportReporter -->
<testsuite hostname="DESKTOP-KNSVCQR" failures="0" tests="2" name="selenium_practise.Test22" time="8.663" errors="0" timestamp="2022-01-02T16:01:08 IST" skipped="1">
  <testcase classname="selenium_practise.Test22" name="windowhandelnew" time="8.663"/>
  <system-out/>
  <testcase classname="selenium_practise.Test22" name="windowhandel">
    <skipped/>
  </testcase> <!-- windowhandel -->
  <system-out/>
</testsuite> <!-- selenium_practise.Test22 -->
