<?xml version="1.0" encoding="UTF-8"?>
<!-- Generated by org.testng.reporters.JUnitReportReporter -->
<testsuite hostname="DESKTOP-KNSVCQR" failures="0" tests="1" name="GetData.Sumvalidation" time="0.582" errors="0" timestamp="2021-12-14T16:34:42 IST" skipped="0">
  <testcase classname="GetData.Sumvalidation" name="sumofcourses" time="0.582"/>
  <system-out/>
</testsuite> <!-- GetData.Sumvalidation -->
