<?xml version="1.0" encoding="UTF-8"?>
<!-- Generated by org.testng.reporters.JUnitReportReporter -->
<testsuite hostname="DESKTOP-KNSVCQR" failures="0" tests="2" name="getrequest.Getdata" time="6.268" errors="0" timestamp="2021-12-14T16:34:42 IST" skipped="0">
  <testcase classname="getrequest.Getdata" name="testbody2" time="4.039"/>
  <system-out/>
  <testcase classname="getrequest.Getdata" name="testResponsecode" time="2.229"/>
  <system-out/>
</testsuite> <!-- getrequest.Getdata -->
