<?xml version="1.0" encoding="UTF-8"?>
<!-- Generated by org.testng.reporters.JUnitReportReporter -->
<testsuite hostname="DESKTOP-KNSVCQR" failures="0" tests="1" name="Lesson31.DynamicJsson" time="0.377" errors="0" timestamp="2021-12-14T16:34:42 IST" skipped="0">
  <testcase classname="Lesson31.DynamicJsson" name="test1" time="0.377"/>
  <system-out/>
</testsuite> <!-- Lesson31.DynamicJsson -->
