<?xml version="1.0" encoding="UTF-8"?>
<!-- Generated by org.testng.reporters.JUnitReportReporter -->
<testsuite hostname="DESKTOP-KNSVCQR" failures="0" tests="1" name="GetData.Test2" time="0.011" errors="0" timestamp="2021-12-28T20:57:52 IST" skipped="0">
  <testcase classname="GetData.Test2" name="Testt" time="0.011"/>
  <system-out/>
</testsuite> <!-- GetData.Test2 -->
